{"timestamp":"2025-09-10T11:17:49Z","level":"INFO","name":"InitGlobalLogger","data":"Logger initialized successfully."}
{"timestamp":"2025-09-10T11:17:49Z","level":"INFO","name":"NewApp","data":{"outputFile":"context.txt","startPath":"."}}
{"timestamp":"2025-09-10T11:17:51Z","level":"ERROR","name":"handleConfirmPathChange.loadItems","data":{"error":"open /home/kacper/work/playground/getctx-go-testing/ge: no such file or directory","message":"Failed to load directory items on path confirm","path":"/home/kacper/work/playground/getctx-go-testing/ge"}}
{"timestamp":"2025-09-10T11:17:52Z","level":"INFO","name":"BuildContext","data":"No items selected by user, exiting."}
{"timestamp":"2025-09-10T11:17:52Z","level":"INFO","name":"main","data":"Application finished successfully."}
{"timestamp":"2025-09-10T11:29:12Z","level":"INFO","name":"InitGlobalLogger","data":"Logger initialized successfully."}
{"timestamp":"2025-09-10T11:29:12Z","level":"INFO","name":"NewApp","data":{"outputFile":"context.txt","startPath":"."}}
{"timestamp":"2025-09-10T11:29:26Z","level":"INFO","name":"BuildContext","data":"No items selected by user, exiting."}
{"timestamp":"2025-09-10T11:29:26Z","level":"INFO","name":"main","data":"Application finished successfully."}
{"timestamp":"2025-09-10T11:30:18Z","level":"INFO","name":"InitGlobalLogger","data":"Logger initialized successfully."}
{"timestamp":"2025-09-10T11:30:18Z","level":"INFO","name":"NewApp","data":{"outputFile":"context.txt","startPath":"."}}
{"timestamp":"2025-09-10T11:30:26Z","level":"DEBUG","name":"changeDirectory","data":{"item_count":54,"path":"/home/kacper/work/playground/getctx-go-testing"}}
{"timestamp":"2025-09-10T11:30:33Z","level":"DEBUG","name":"changeDirectory","data":{"item_count":12,"path":"/home/kacper/work/playground/getctx-go-testing/getctx"}}
{"timestamp":"2025-09-10T11:30:36Z","level":"INFO","name":"BuildContext","data":"No items selected by user, exiting."}
{"timestamp":"2025-09-10T11:30:36Z","level":"INFO","name":"main","data":"Application finished successfully."}
{"timestamp":"2025-09-10T11:30:59Z","level":"INFO","name":"InitGlobalLogger","data":"Logger initialized successfully."}
{"timestamp":"2025-09-10T11:30:59Z","level":"INFO","name":"NewApp","data":{"outputFile":"context.txt","startPath":"."}}
{"timestamp":"2025-09-10T11:31:00Z","level":"DEBUG","name":"changeDirectory","data":{"item_count":54,"path":"/home/kacper/work/playground/getctx-go-testing"}}
{"timestamp":"2025-09-10T11:31:03Z","level":"DEBUG","name":"changeDirectory","data":{"item_count":12,"path":"/home/kacper/work/playground/getctx-go-testing/getctx"}}
{"timestamp":"2025-09-10T11:31:09Z","level":"DEBUG","name":"changeDirectory","data":{"item_count":2,"path":"/home/kacper/work/playground/getctx-go-testing/getctx/internal"}}
{"timestamp":"2025-09-10T11:31:10Z","level":"DEBUG","name":"changeDirectory","data":{"item_count":8,"path":"/home/kacper/work/playground/getctx-go-testing/getctx/internal/app"}}
{"timestamp":"2025-09-10T11:31:11Z","level":"DEBUG","name":"changeDirectory","data":{"item_count":2,"path":"/home/kacper/work/playground/getctx-go-testing/getctx/internal"}}
{"timestamp":"2025-09-10T11:31:12Z","level":"DEBUG","name":"changeDirectory","data":{"item_count":12,"path":"/home/kacper/work/playground/getctx-go-testing/getctx"}}
{"timestamp":"2025-09-10T11:31:12Z","level":"DEBUG","name":"changeDirectory","data":{"item_count":54,"path":"/home/kacper/work/playground/getctx-go-testing"}}
{"timestamp":"2025-09-10T11:31:12Z","level":"INFO","name":"BuildContext","data":"No items selected by user, exiting."}
{"timestamp":"2025-09-10T11:31:12Z","level":"INFO","name":"main","data":"Application finished successfully."}
{"timestamp":"2025-09-10T11:41:49Z","level":"INFO","name":"InitGlobalLogger","data":"Logger initialized successfully."}
{"timestamp":"2025-09-10T11:41:49Z","level":"INFO","name":"NewApp","data":{"outputFile":"context.txt","startPath":"."}}
{"timestamp":"2025-09-10T11:41:51Z","level":"INFO","name":"handleConfirmPathChange","data":{"message":"Directory changed successfully via path input","path":"/home/kacper"}}
{"timestamp":"2025-09-10T11:41:51Z","level":"DEBUG","name":"changeDirectory","data":{"item_count":48,"path":"/home/kacper"}}
{"timestamp":"2025-09-10T11:41:53Z","level":"INFO","name":"BuildContext","data":"No items selected by user, exiting."}
{"timestamp":"2025-09-10T11:41:53Z","level":"INFO","name":"main","data":"Application finished successfully."}
{"timestamp":"2025-09-10T11:43:45Z","level":"INFO","name":"InitGlobalLogger","data":"Logger initialized successfully."}
{"timestamp":"2025-09-10T11:43:45Z","level":"INFO","name":"NewApp","data":{"outputFile":"context.txt","startPath":"."}}
{"timestamp":"2025-09-10T11:43:55Z","level":"DEBUG","name":"BuildContext","data":{"selected_path_count":4,"selected_paths":["/home/kacper/work/playground/getctx-go-testing/getctx/cmd","/home/kacper/work/playground/getctx-go-testing/getctx/internal","/home/kacper/work/playground/getctx-go-testing/getctx/go.sum","/home/kacper/work/playground/getctx-go-testing/getctx/go.mod"]}}
{"timestamp":"2025-09-10T11:43:55Z","level":"INFO","name":"BuildContext","data":{"files_to_process_count":12,"output_filename":"context.txt"}}
{"timestamp":"2025-09-10T11:43:55Z","level":"INFO","name":"main","data":"Application finished successfully."}
